CRITICAL - 2022-01-06 07:33:28 --> Class 'Time' not found
#0 C:\Apache24\htdocs\inventory_codeigniter\system\View\View.php(210): include()
#1 C:\Apache24\htdocs\inventory_codeigniter\system\View\View.php(213): CodeIgniter\View\View->CodeIgniter\View\{closure}()
#2 C:\Apache24\htdocs\inventory_codeigniter\system\Common.php(1089): CodeIgniter\View\View->render('brand/list_bran...', Array, true)
#3 C:\Apache24\htdocs\inventory_codeigniter\app\Controllers\BrandController.php(11): view('brand/list_bran...', Array)
#4 C:\Apache24\htdocs\inventory_codeigniter\system\CodeIgniter.php(825): App\Controllers\BrandController->index()
#5 C:\Apache24\htdocs\inventory_codeigniter\system\CodeIgniter.php(412): CodeIgniter\CodeIgniter->runController(Object(App\Controllers\BrandController))
#6 C:\Apache24\htdocs\inventory_codeigniter\system\CodeIgniter.php(320): CodeIgniter\CodeIgniter->handleRequest(NULL, Object(Config\Cache), false)
#7 C:\Apache24\htdocs\inventory_codeigniter\public\index.php(37): CodeIgniter\CodeIgniter->run()
#8 C:\Apache24\htdocs\inventory_codeigniter\system\Commands\Server\rewrite.php(43): require_once('C:\\Apache24\\htd...')
#9 {main}
CRITICAL - 2022-01-06 07:37:29 --> Undefined variable: row
#0 C:\Apache24\htdocs\inventory_codeigniter\app\Views\brand\list_brand.php(61): CodeIgniter\Debug\Exceptions->errorHandler(8, 'Undefined varia...', 'C:\\Apache24\\htd...', 61, Array)
#1 C:\Apache24\htdocs\inventory_codeigniter\system\View\View.php(210): include('C:\\Apache24\\htd...')
#2 C:\Apache24\htdocs\inventory_codeigniter\system\View\View.php(213): CodeIgniter\View\View->CodeIgniter\View\{closure}()
#3 C:\Apache24\htdocs\inventory_codeigniter\system\Common.php(1089): CodeIgniter\View\View->render('brand/list_bran...', Array, true)
#4 C:\Apache24\htdocs\inventory_codeigniter\app\Controllers\BrandController.php(11): view('brand/list_bran...', Array)
#5 C:\Apache24\htdocs\inventory_codeigniter\system\CodeIgniter.php(825): App\Controllers\BrandController->index()
#6 C:\Apache24\htdocs\inventory_codeigniter\system\CodeIgniter.php(412): CodeIgniter\CodeIgniter->runController(Object(App\Controllers\BrandController))
#7 C:\Apache24\htdocs\inventory_codeigniter\system\CodeIgniter.php(320): CodeIgniter\CodeIgniter->handleRequest(NULL, Object(Config\Cache), false)
#8 C:\Apache24\htdocs\inventory_codeigniter\public\index.php(37): CodeIgniter\CodeIgniter->run()
#9 C:\Apache24\htdocs\inventory_codeigniter\system\Commands\Server\rewrite.php(43): require_once('C:\\Apache24\\htd...')
#10 {main}
CRITICAL - 2022-01-06 07:37:43 --> Undefined index: added_on
#0 C:\Apache24\htdocs\inventory_codeigniter\app\Views\brand\list_brand.php(61): CodeIgniter\Debug\Exceptions->errorHandler(8, 'Undefined index...', 'C:\\Apache24\\htd...', 61, Array)
#1 C:\Apache24\htdocs\inventory_codeigniter\system\View\View.php(210): include('C:\\Apache24\\htd...')
#2 C:\Apache24\htdocs\inventory_codeigniter\system\View\View.php(213): CodeIgniter\View\View->CodeIgniter\View\{closure}()
#3 C:\Apache24\htdocs\inventory_codeigniter\system\Common.php(1089): CodeIgniter\View\View->render('brand/list_bran...', Array, true)
#4 C:\Apache24\htdocs\inventory_codeigniter\app\Controllers\BrandController.php(11): view('brand/list_bran...', Array)
#5 C:\Apache24\htdocs\inventory_codeigniter\system\CodeIgniter.php(825): App\Controllers\BrandController->index()
#6 C:\Apache24\htdocs\inventory_codeigniter\system\CodeIgniter.php(412): CodeIgniter\CodeIgniter->runController(Object(App\Controllers\BrandController))
#7 C:\Apache24\htdocs\inventory_codeigniter\system\CodeIgniter.php(320): CodeIgniter\CodeIgniter->handleRequest(NULL, Object(Config\Cache), false)
#8 C:\Apache24\htdocs\inventory_codeigniter\public\index.php(37): CodeIgniter\CodeIgniter->run()
#9 C:\Apache24\htdocs\inventory_codeigniter\system\Commands\Server\rewrite.php(43): require_once('C:\\Apache24\\htd...')
#10 {main}
CRITICAL - 2022-01-06 07:37:45 --> Undefined index: added_on
#0 C:\Apache24\htdocs\inventory_codeigniter\app\Views\brand\list_brand.php(61): CodeIgniter\Debug\Exceptions->errorHandler(8, 'Undefined index...', 'C:\\Apache24\\htd...', 61, Array)
#1 C:\Apache24\htdocs\inventory_codeigniter\system\View\View.php(210): include('C:\\Apache24\\htd...')
#2 C:\Apache24\htdocs\inventory_codeigniter\system\View\View.php(213): CodeIgniter\View\View->CodeIgniter\View\{closure}()
#3 C:\Apache24\htdocs\inventory_codeigniter\system\Common.php(1089): CodeIgniter\View\View->render('brand/list_bran...', Array, true)
#4 C:\Apache24\htdocs\inventory_codeigniter\app\Controllers\BrandController.php(11): view('brand/list_bran...', Array)
#5 C:\Apache24\htdocs\inventory_codeigniter\system\CodeIgniter.php(825): App\Controllers\BrandController->index()
#6 C:\Apache24\htdocs\inventory_codeigniter\system\CodeIgniter.php(412): CodeIgniter\CodeIgniter->runController(Object(App\Controllers\BrandController))
#7 C:\Apache24\htdocs\inventory_codeigniter\system\CodeIgniter.php(320): CodeIgniter\CodeIgniter->handleRequest(NULL, Object(Config\Cache), false)
#8 C:\Apache24\htdocs\inventory_codeigniter\public\index.php(37): CodeIgniter\CodeIgniter->run()
#9 C:\Apache24\htdocs\inventory_codeigniter\system\Commands\Server\rewrite.php(43): require_once('C:\\Apache24\\htd...')
#10 {main}
CRITICAL - 2022-01-06 07:41:39 --> A non well formed numeric value encountered
#0 [internal function]: CodeIgniter\Debug\Exceptions->errorHandler(8, 'A non well form...', 'C:\\Apache24\\htd...', 62, Array)
#1 C:\Apache24\htdocs\inventory_codeigniter\app\Views\brand\list_brand.php(62): date('MMM d, YYYY', '2022-01-06 11:2...')
#2 C:\Apache24\htdocs\inventory_codeigniter\system\View\View.php(210): include('C:\\Apache24\\htd...')
#3 C:\Apache24\htdocs\inventory_codeigniter\system\View\View.php(213): CodeIgniter\View\View->CodeIgniter\View\{closure}()
#4 C:\Apache24\htdocs\inventory_codeigniter\system\Common.php(1089): CodeIgniter\View\View->render('brand/list_bran...', Array, true)
#5 C:\Apache24\htdocs\inventory_codeigniter\app\Controllers\BrandController.php(11): view('brand/list_bran...', Array)
#6 C:\Apache24\htdocs\inventory_codeigniter\system\CodeIgniter.php(825): App\Controllers\BrandController->index()
#7 C:\Apache24\htdocs\inventory_codeigniter\system\CodeIgniter.php(412): CodeIgniter\CodeIgniter->runController(Object(App\Controllers\BrandController))
#8 C:\Apache24\htdocs\inventory_codeigniter\system\CodeIgniter.php(320): CodeIgniter\CodeIgniter->handleRequest(NULL, Object(Config\Cache), false)
#9 C:\Apache24\htdocs\inventory_codeigniter\public\index.php(37): CodeIgniter\CodeIgniter->run()
#10 C:\Apache24\htdocs\inventory_codeigniter\system\Commands\Server\rewrite.php(43): require_once('C:\\Apache24\\htd...')
#11 {main}
CRITICAL - 2022-01-06 07:45:51 --> Undefined index: name
#0 C:\Apache24\htdocs\inventory_codeigniter\app\Views\brand\list_brand.php(18): CodeIgniter\Debug\Exceptions->errorHandler(8, 'Undefined index...', 'C:\\Apache24\\htd...', 18, Array)
#1 C:\Apache24\htdocs\inventory_codeigniter\system\View\View.php(210): include('C:\\Apache24\\htd...')
#2 C:\Apache24\htdocs\inventory_codeigniter\system\View\View.php(213): CodeIgniter\View\View->CodeIgniter\View\{closure}()
#3 C:\Apache24\htdocs\inventory_codeigniter\system\Common.php(1089): CodeIgniter\View\View->render('brand/list_bran...', Array, true)
#4 C:\Apache24\htdocs\inventory_codeigniter\app\Controllers\BrandController.php(11): view('brand/list_bran...', Array)
#5 C:\Apache24\htdocs\inventory_codeigniter\system\CodeIgniter.php(825): App\Controllers\BrandController->index()
#6 C:\Apache24\htdocs\inventory_codeigniter\system\CodeIgniter.php(412): CodeIgniter\CodeIgniter->runController(Object(App\Controllers\BrandController))
#7 C:\Apache24\htdocs\inventory_codeigniter\system\CodeIgniter.php(320): CodeIgniter\CodeIgniter->handleRequest(NULL, Object(Config\Cache), false)
#8 C:\Apache24\htdocs\inventory_codeigniter\public\index.php(37): CodeIgniter\CodeIgniter->run()
#9 C:\Apache24\htdocs\inventory_codeigniter\system\Commands\Server\rewrite.php(43): require_once('C:\\Apache24\\htd...')
#10 {main}
CRITICAL - 2022-01-06 12:21:13 --> Undefined variable: data
#0 C:\Apache24\htdocs\inventory_codeigniter\app\Controllers\BrandController.php(10): CodeIgniter\Debug\Exceptions->errorHandler(8, 'Undefined varia...', 'C:\\Apache24\\htd...', 10, Array)
#1 C:\Apache24\htdocs\inventory_codeigniter\system\CodeIgniter.php(825): App\Controllers\BrandController->index()
#2 C:\Apache24\htdocs\inventory_codeigniter\system\CodeIgniter.php(412): CodeIgniter\CodeIgniter->runController(Object(App\Controllers\BrandController))
#3 C:\Apache24\htdocs\inventory_codeigniter\system\CodeIgniter.php(320): CodeIgniter\CodeIgniter->handleRequest(NULL, Object(Config\Cache), false)
#4 C:\Apache24\htdocs\inventory_codeigniter\public\index.php(37): CodeIgniter\CodeIgniter->run()
#5 C:\Apache24\htdocs\inventory_codeigniter\system\Commands\Server\rewrite.php(43): require_once('C:\\Apache24\\htd...')
#6 {main}
CRITICAL - 2022-01-06 12:45:43 --> Class 'App\Controllers\DateTime' not found
#0 C:\Apache24\htdocs\inventory_codeigniter\system\CodeIgniter.php(825): App\Controllers\BrandController->add_brand()
#1 C:\Apache24\htdocs\inventory_codeigniter\system\CodeIgniter.php(412): CodeIgniter\CodeIgniter->runController(Object(App\Controllers\BrandController))
#2 C:\Apache24\htdocs\inventory_codeigniter\system\CodeIgniter.php(320): CodeIgniter\CodeIgniter->handleRequest(NULL, Object(Config\Cache), false)
#3 C:\Apache24\htdocs\inventory_codeigniter\public\index.php(37): CodeIgniter\CodeIgniter->run()
#4 C:\Apache24\htdocs\inventory_codeigniter\system\Commands\Server\rewrite.php(43): require_once('C:\\Apache24\\htd...')
#5 {main}
CRITICAL - 2022-01-06 12:48:22 --> Call to undefined function App\Controllers\now()
#0 C:\Apache24\htdocs\inventory_codeigniter\system\CodeIgniter.php(825): App\Controllers\BrandController->add_brand()
#1 C:\Apache24\htdocs\inventory_codeigniter\system\CodeIgniter.php(412): CodeIgniter\CodeIgniter->runController(Object(App\Controllers\BrandController))
#2 C:\Apache24\htdocs\inventory_codeigniter\system\CodeIgniter.php(320): CodeIgniter\CodeIgniter->handleRequest(NULL, Object(Config\Cache), false)
#3 C:\Apache24\htdocs\inventory_codeigniter\public\index.php(37): CodeIgniter\CodeIgniter->run()
#4 C:\Apache24\htdocs\inventory_codeigniter\system\Commands\Server\rewrite.php(43): require_once('C:\\Apache24\\htd...')
#5 {main}
CRITICAL - 2022-01-06 12:50:02 --> Call to undefined function App\Controllers\now()
#0 C:\Apache24\htdocs\inventory_codeigniter\system\CodeIgniter.php(825): App\Controllers\BrandController->add_brand()
#1 C:\Apache24\htdocs\inventory_codeigniter\system\CodeIgniter.php(412): CodeIgniter\CodeIgniter->runController(Object(App\Controllers\BrandController))
#2 C:\Apache24\htdocs\inventory_codeigniter\system\CodeIgniter.php(320): CodeIgniter\CodeIgniter->handleRequest(NULL, Object(Config\Cache), false)
#3 C:\Apache24\htdocs\inventory_codeigniter\public\index.php(37): CodeIgniter\CodeIgniter->run()
#4 C:\Apache24\htdocs\inventory_codeigniter\system\Commands\Server\rewrite.php(43): require_once('C:\\Apache24\\htd...')
#5 {main}
CRITICAL - 2022-01-06 12:51:51 --> Call to undefined method CodeIgniter\HTTP\Response::getPost()
#0 C:\Apache24\htdocs\inventory_codeigniter\system\CodeIgniter.php(825): App\Controllers\BrandController->add_brand()
#1 C:\Apache24\htdocs\inventory_codeigniter\system\CodeIgniter.php(412): CodeIgniter\CodeIgniter->runController(Object(App\Controllers\BrandController))
#2 C:\Apache24\htdocs\inventory_codeigniter\system\CodeIgniter.php(320): CodeIgniter\CodeIgniter->handleRequest(NULL, Object(Config\Cache), false)
#3 C:\Apache24\htdocs\inventory_codeigniter\public\index.php(37): CodeIgniter\CodeIgniter->run()
#4 C:\Apache24\htdocs\inventory_codeigniter\system\Commands\Server\rewrite.php(43): require_once('C:\\Apache24\\htd...')
#5 {main}
CRITICAL - 2022-01-06 12:56:24 --> Call to undefined method CodeIgniter\HTTP\Response::getPost()
#0 C:\Apache24\htdocs\inventory_codeigniter\system\CodeIgniter.php(825): App\Controllers\BrandController->add_brand()
#1 C:\Apache24\htdocs\inventory_codeigniter\system\CodeIgniter.php(412): CodeIgniter\CodeIgniter->runController(Object(App\Controllers\BrandController))
#2 C:\Apache24\htdocs\inventory_codeigniter\system\CodeIgniter.php(320): CodeIgniter\CodeIgniter->handleRequest(NULL, Object(Config\Cache), false)
#3 C:\Apache24\htdocs\inventory_codeigniter\public\index.php(37): CodeIgniter\CodeIgniter->run()
#4 C:\Apache24\htdocs\inventory_codeigniter\system\Commands\Server\rewrite.php(43): require_once('C:\\Apache24\\htd...')
#5 {main}
CRITICAL - 2022-01-06 12:56:47 --> Call to undefined method CodeIgniter\HTTP\Response::getPost()
#0 C:\Apache24\htdocs\inventory_codeigniter\system\CodeIgniter.php(825): App\Controllers\BrandController->add_brand()
#1 C:\Apache24\htdocs\inventory_codeigniter\system\CodeIgniter.php(412): CodeIgniter\CodeIgniter->runController(Object(App\Controllers\BrandController))
#2 C:\Apache24\htdocs\inventory_codeigniter\system\CodeIgniter.php(320): CodeIgniter\CodeIgniter->handleRequest(NULL, Object(Config\Cache), false)
#3 C:\Apache24\htdocs\inventory_codeigniter\public\index.php(37): CodeIgniter\CodeIgniter->run()
#4 C:\Apache24\htdocs\inventory_codeigniter\system\Commands\Server\rewrite.php(43): require_once('C:\\Apache24\\htd...')
#5 {main}
CRITICAL - 2022-01-06 13:05:02 --> Call to undefined method CodeIgniter\HTTP\Response::getPost()
#0 C:\Apache24\htdocs\inventory_codeigniter\system\CodeIgniter.php(825): App\Controllers\BrandController->add_brand()
#1 C:\Apache24\htdocs\inventory_codeigniter\system\CodeIgniter.php(412): CodeIgniter\CodeIgniter->runController(Object(App\Controllers\BrandController))
#2 C:\Apache24\htdocs\inventory_codeigniter\system\CodeIgniter.php(320): CodeIgniter\CodeIgniter->handleRequest(NULL, Object(Config\Cache), false)
#3 C:\Apache24\htdocs\inventory_codeigniter\public\index.php(37): CodeIgniter\CodeIgniter->run()
#4 C:\Apache24\htdocs\inventory_codeigniter\system\Commands\Server\rewrite.php(43): require_once('C:\\Apache24\\htd...')
#5 {main}
CRITICAL - 2022-01-06 13:19:11 --> Call to undefined method CodeIgniter\HTTP\Response::getPost()
#0 C:\Apache24\htdocs\inventory_codeigniter\system\CodeIgniter.php(825): App\Controllers\BrandController->add_brand()
#1 C:\Apache24\htdocs\inventory_codeigniter\system\CodeIgniter.php(412): CodeIgniter\CodeIgniter->runController(Object(App\Controllers\BrandController))
#2 C:\Apache24\htdocs\inventory_codeigniter\system\CodeIgniter.php(320): CodeIgniter\CodeIgniter->handleRequest(NULL, Object(Config\Cache), false)
#3 C:\Apache24\htdocs\inventory_codeigniter\public\index.php(37): CodeIgniter\CodeIgniter->run()
#4 C:\Apache24\htdocs\inventory_codeigniter\system\Commands\Server\rewrite.php(43): require_once('C:\\Apache24\\htd...')
#5 {main}
ERROR - 2022-01-06 13:23:26 --> Column 'entry_date' cannot be null
ERROR - 2022-01-06 13:25:19 --> Column 'entry_date' cannot be null
ERROR - 2022-01-06 13:27:21 --> Column 'entry_date' cannot be null
ERROR - 2022-01-06 13:28:48 --> Column 'entry_date' cannot be null
ERROR - 2022-01-06 13:29:06 --> Column 'entry_date' cannot be null
CRITICAL - 2022-01-06 15:10:58 --> Undefined variable: brand
#0 C:\Apache24\htdocs\inventory_codeigniter\app\Controllers\BrandController.php(49): CodeIgniter\Debug\Exceptions->errorHandler(8, 'Undefined varia...', 'C:\\Apache24\\htd...', 49, Array)
#1 C:\Apache24\htdocs\inventory_codeigniter\system\CodeIgniter.php(825): App\Controllers\BrandController->update_brand()
#2 C:\Apache24\htdocs\inventory_codeigniter\system\CodeIgniter.php(412): CodeIgniter\CodeIgniter->runController(Object(App\Controllers\BrandController))
#3 C:\Apache24\htdocs\inventory_codeigniter\system\CodeIgniter.php(320): CodeIgniter\CodeIgniter->handleRequest(NULL, Object(Config\Cache), false)
#4 C:\Apache24\htdocs\inventory_codeigniter\public\index.php(37): CodeIgniter\CodeIgniter->run()
#5 C:\Apache24\htdocs\inventory_codeigniter\system\Commands\Server\rewrite.php(43): require_once('C:\\Apache24\\htd...')
#6 {main}
CRITICAL - 2022-01-06 15:36:10 --> Undefined variable: brand
#0 C:\Apache24\htdocs\inventory_codeigniter\app\Controllers\BrandController.php(49): CodeIgniter\Debug\Exceptions->errorHandler(8, 'Undefined varia...', 'C:\\Apache24\\htd...', 49, Array)
#1 C:\Apache24\htdocs\inventory_codeigniter\system\CodeIgniter.php(825): App\Controllers\BrandController->update_brand()
#2 C:\Apache24\htdocs\inventory_codeigniter\system\CodeIgniter.php(412): CodeIgniter\CodeIgniter->runController(Object(App\Controllers\BrandController))
#3 C:\Apache24\htdocs\inventory_codeigniter\system\CodeIgniter.php(320): CodeIgniter\CodeIgniter->handleRequest(NULL, Object(Config\Cache), false)
#4 C:\Apache24\htdocs\inventory_codeigniter\public\index.php(37): CodeIgniter\CodeIgniter->run()
#5 C:\Apache24\htdocs\inventory_codeigniter\system\Commands\Server\rewrite.php(43): require_once('C:\\Apache24\\htd...')
#6 {main}
CRITICAL - 2022-01-06 15:36:11 --> Undefined variable: brand
#0 C:\Apache24\htdocs\inventory_codeigniter\app\Controllers\BrandController.php(49): CodeIgniter\Debug\Exceptions->errorHandler(8, 'Undefined varia...', 'C:\\Apache24\\htd...', 49, Array)
#1 C:\Apache24\htdocs\inventory_codeigniter\system\CodeIgniter.php(825): App\Controllers\BrandController->update_brand()
#2 C:\Apache24\htdocs\inventory_codeigniter\system\CodeIgniter.php(412): CodeIgniter\CodeIgniter->runController(Object(App\Controllers\BrandController))
#3 C:\Apache24\htdocs\inventory_codeigniter\system\CodeIgniter.php(320): CodeIgniter\CodeIgniter->handleRequest(NULL, Object(Config\Cache), false)
#4 C:\Apache24\htdocs\inventory_codeigniter\public\index.php(37): CodeIgniter\CodeIgniter->run()
#5 C:\Apache24\htdocs\inventory_codeigniter\system\Commands\Server\rewrite.php(43): require_once('C:\\Apache24\\htd...')
#6 {main}
CRITICAL - 2022-01-06 15:36:12 --> Undefined variable: brand
#0 C:\Apache24\htdocs\inventory_codeigniter\app\Controllers\BrandController.php(49): CodeIgniter\Debug\Exceptions->errorHandler(8, 'Undefined varia...', 'C:\\Apache24\\htd...', 49, Array)
#1 C:\Apache24\htdocs\inventory_codeigniter\system\CodeIgniter.php(825): App\Controllers\BrandController->update_brand()
#2 C:\Apache24\htdocs\inventory_codeigniter\system\CodeIgniter.php(412): CodeIgniter\CodeIgniter->runController(Object(App\Controllers\BrandController))
#3 C:\Apache24\htdocs\inventory_codeigniter\system\CodeIgniter.php(320): CodeIgniter\CodeIgniter->handleRequest(NULL, Object(Config\Cache), false)
#4 C:\Apache24\htdocs\inventory_codeigniter\public\index.php(37): CodeIgniter\CodeIgniter->run()
#5 C:\Apache24\htdocs\inventory_codeigniter\system\Commands\Server\rewrite.php(43): require_once('C:\\Apache24\\htd...')
#6 {main}
CRITICAL - 2022-01-06 22:22:10 --> Undefined variable: brands
#0 C:\Apache24\htdocs\inventory_codeigniter\app\Views\brand\list_brand.php(64): CodeIgniter\Debug\Exceptions->errorHandler(8, 'Undefined varia...', 'C:\\Apache24\\htd...', 64, Array)
#1 C:\Apache24\htdocs\inventory_codeigniter\system\View\View.php(210): include('C:\\Apache24\\htd...')
#2 C:\Apache24\htdocs\inventory_codeigniter\system\View\View.php(213): CodeIgniter\View\View->CodeIgniter\View\{closure}()
#3 C:\Apache24\htdocs\inventory_codeigniter\system\Common.php(1089): CodeIgniter\View\View->render('brand/list_bran...', Array, true)
#4 C:\Apache24\htdocs\inventory_codeigniter\app\Controllers\BrandController.php(10): view('brand/list_bran...')
#5 C:\Apache24\htdocs\inventory_codeigniter\system\CodeIgniter.php(825): App\Controllers\BrandController->index()
#6 C:\Apache24\htdocs\inventory_codeigniter\system\CodeIgniter.php(412): CodeIgniter\CodeIgniter->runController(Object(App\Controllers\BrandController))
#7 C:\Apache24\htdocs\inventory_codeigniter\system\CodeIgniter.php(320): CodeIgniter\CodeIgniter->handleRequest(NULL, Object(Config\Cache), false)
#8 C:\Apache24\htdocs\inventory_codeigniter\public\index.php(37): CodeIgniter\CodeIgniter->run()
#9 C:\Apache24\htdocs\inventory_codeigniter\system\Commands\Server\rewrite.php(43): require_once('C:\\Apache24\\htd...')
#10 {main}
CRITICAL - 2022-01-06 22:23:09 --> Undefined variable: brand
#0 C:\Apache24\htdocs\inventory_codeigniter\app\Views\brand\list_brand.php(64): CodeIgniter\Debug\Exceptions->errorHandler(8, 'Undefined varia...', 'C:\\Apache24\\htd...', 64, Array)
#1 C:\Apache24\htdocs\inventory_codeigniter\system\View\View.php(210): include('C:\\Apache24\\htd...')
#2 C:\Apache24\htdocs\inventory_codeigniter\system\View\View.php(213): CodeIgniter\View\View->CodeIgniter\View\{closure}()
#3 C:\Apache24\htdocs\inventory_codeigniter\system\Common.php(1089): CodeIgniter\View\View->render('brand/list_bran...', Array, true)
#4 C:\Apache24\htdocs\inventory_codeigniter\app\Controllers\BrandController.php(10): view('brand/list_bran...')
#5 C:\Apache24\htdocs\inventory_codeigniter\system\CodeIgniter.php(825): App\Controllers\BrandController->index()
#6 C:\Apache24\htdocs\inventory_codeigniter\system\CodeIgniter.php(412): CodeIgniter\CodeIgniter->runController(Object(App\Controllers\BrandController))
#7 C:\Apache24\htdocs\inventory_codeigniter\system\CodeIgniter.php(320): CodeIgniter\CodeIgniter->handleRequest(NULL, Object(Config\Cache), false)
#8 C:\Apache24\htdocs\inventory_codeigniter\public\index.php(37): CodeIgniter\CodeIgniter->run()
#9 C:\Apache24\htdocs\inventory_codeigniter\system\Commands\Server\rewrite.php(43): require_once('C:\\Apache24\\htd...')
#10 {main}
CRITICAL - 2022-01-06 22:25:59 --> Undefined variable: brands
#0 C:\Apache24\htdocs\inventory_codeigniter\app\Views\brand\list_brand.php(64): CodeIgniter\Debug\Exceptions->errorHandler(8, 'Undefined varia...', 'C:\\Apache24\\htd...', 64, Array)
#1 C:\Apache24\htdocs\inventory_codeigniter\system\View\View.php(210): include('C:\\Apache24\\htd...')
#2 C:\Apache24\htdocs\inventory_codeigniter\system\View\View.php(213): CodeIgniter\View\View->CodeIgniter\View\{closure}()
#3 C:\Apache24\htdocs\inventory_codeigniter\system\Common.php(1089): CodeIgniter\View\View->render('brand/list_bran...', Array, true)
#4 C:\Apache24\htdocs\inventory_codeigniter\app\Controllers\BrandController.php(10): view('brand/list_bran...')
#5 C:\Apache24\htdocs\inventory_codeigniter\system\CodeIgniter.php(825): App\Controllers\BrandController->index()
#6 C:\Apache24\htdocs\inventory_codeigniter\system\CodeIgniter.php(412): CodeIgniter\CodeIgniter->runController(Object(App\Controllers\BrandController))
#7 C:\Apache24\htdocs\inventory_codeigniter\system\CodeIgniter.php(320): CodeIgniter\CodeIgniter->handleRequest(NULL, Object(Config\Cache), false)
#8 C:\Apache24\htdocs\inventory_codeigniter\public\index.php(37): CodeIgniter\CodeIgniter->run()
#9 C:\Apache24\htdocs\inventory_codeigniter\system\Commands\Server\rewrite.php(43): require_once('C:\\Apache24\\htd...')
#10 {main}
CRITICAL - 2022-01-06 22:26:01 --> Undefined variable: brands
#0 C:\Apache24\htdocs\inventory_codeigniter\app\Views\brand\list_brand.php(64): CodeIgniter\Debug\Exceptions->errorHandler(8, 'Undefined varia...', 'C:\\Apache24\\htd...', 64, Array)
#1 C:\Apache24\htdocs\inventory_codeigniter\system\View\View.php(210): include('C:\\Apache24\\htd...')
#2 C:\Apache24\htdocs\inventory_codeigniter\system\View\View.php(213): CodeIgniter\View\View->CodeIgniter\View\{closure}()
#3 C:\Apache24\htdocs\inventory_codeigniter\system\Common.php(1089): CodeIgniter\View\View->render('brand/list_bran...', Array, true)
#4 C:\Apache24\htdocs\inventory_codeigniter\app\Controllers\BrandController.php(10): view('brand/list_bran...')
#5 C:\Apache24\htdocs\inventory_codeigniter\system\CodeIgniter.php(825): App\Controllers\BrandController->index()
#6 C:\Apache24\htdocs\inventory_codeigniter\system\CodeIgniter.php(412): CodeIgniter\CodeIgniter->runController(Object(App\Controllers\BrandController))
#7 C:\Apache24\htdocs\inventory_codeigniter\system\CodeIgniter.php(320): CodeIgniter\CodeIgniter->handleRequest(NULL, Object(Config\Cache), false)
#8 C:\Apache24\htdocs\inventory_codeigniter\public\index.php(37): CodeIgniter\CodeIgniter->run()
#9 C:\Apache24\htdocs\inventory_codeigniter\system\Commands\Server\rewrite.php(43): require_once('C:\\Apache24\\htd...')
#10 {main}
CRITICAL - 2022-01-06 22:27:10 --> Undefined variable: brands
#0 C:\Apache24\htdocs\inventory_codeigniter\app\Views\brand\list_brand.php(64): CodeIgniter\Debug\Exceptions->errorHandler(8, 'Undefined varia...', 'C:\\Apache24\\htd...', 64, Array)
#1 C:\Apache24\htdocs\inventory_codeigniter\system\View\View.php(210): include('C:\\Apache24\\htd...')
#2 C:\Apache24\htdocs\inventory_codeigniter\system\View\View.php(213): CodeIgniter\View\View->CodeIgniter\View\{closure}()
#3 C:\Apache24\htdocs\inventory_codeigniter\system\Common.php(1089): CodeIgniter\View\View->render('brand/list_bran...', Array, true)
#4 C:\Apache24\htdocs\inventory_codeigniter\app\Controllers\BrandController.php(10): view('brand/list_bran...')
#5 C:\Apache24\htdocs\inventory_codeigniter\system\CodeIgniter.php(825): App\Controllers\BrandController->index()
#6 C:\Apache24\htdocs\inventory_codeigniter\system\CodeIgniter.php(412): CodeIgniter\CodeIgniter->runController(Object(App\Controllers\BrandController))
#7 C:\Apache24\htdocs\inventory_codeigniter\system\CodeIgniter.php(320): CodeIgniter\CodeIgniter->handleRequest(NULL, Object(Config\Cache), false)
#8 C:\Apache24\htdocs\inventory_codeigniter\public\index.php(37): CodeIgniter\CodeIgniter->run()
#9 C:\Apache24\htdocs\inventory_codeigniter\system\Commands\Server\rewrite.php(43): require_once('C:\\Apache24\\htd...')
#10 {main}
CRITICAL - 2022-01-06 22:29:57 --> A non well formed numeric value encountered
#0 [internal function]: CodeIgniter\Debug\Exceptions->errorHandler(8, 'A non well form...', 'C:\\Apache24\\htd...', 69, Array)
#1 C:\Apache24\htdocs\inventory_codeigniter\app\Views\brand\list_brand.php(69): date('M D, Y', '2022-01-06 11:2...')
#2 C:\Apache24\htdocs\inventory_codeigniter\system\View\View.php(210): include('C:\\Apache24\\htd...')
#3 C:\Apache24\htdocs\inventory_codeigniter\system\View\View.php(213): CodeIgniter\View\View->CodeIgniter\View\{closure}()
#4 C:\Apache24\htdocs\inventory_codeigniter\system\Common.php(1089): CodeIgniter\View\View->render('brand/list_bran...', Array, true)
#5 C:\Apache24\htdocs\inventory_codeigniter\app\Controllers\BrandController.php(12): view('brand/list_bran...', Array)
#6 C:\Apache24\htdocs\inventory_codeigniter\system\CodeIgniter.php(825): App\Controllers\BrandController->index()
#7 C:\Apache24\htdocs\inventory_codeigniter\system\CodeIgniter.php(412): CodeIgniter\CodeIgniter->runController(Object(App\Controllers\BrandController))
#8 C:\Apache24\htdocs\inventory_codeigniter\system\CodeIgniter.php(320): CodeIgniter\CodeIgniter->handleRequest(NULL, Object(Config\Cache), false)
#9 C:\Apache24\htdocs\inventory_codeigniter\public\index.php(37): CodeIgniter\CodeIgniter->run()
#10 C:\Apache24\htdocs\inventory_codeigniter\system\Commands\Server\rewrite.php(43): require_once('C:\\Apache24\\htd...')
#11 {main}
CRITICAL - 2022-01-06 23:52:35 --> syntax error, unexpected end of file
#0 C:\Apache24\htdocs\inventory_codeigniter\system\View\View.php(213): CodeIgniter\View\View->CodeIgniter\View\{closure}()
#1 C:\Apache24\htdocs\inventory_codeigniter\system\View\View.php(226): CodeIgniter\View\View->render('layouts/front_e...', Array, true)
#2 C:\Apache24\htdocs\inventory_codeigniter\system\Common.php(1089): CodeIgniter\View\View->render('brand/list_bran...', Array, true)
#3 C:\Apache24\htdocs\inventory_codeigniter\app\Controllers\BrandController.php(12): view('brand/list_bran...', Array)
#4 C:\Apache24\htdocs\inventory_codeigniter\system\CodeIgniter.php(825): App\Controllers\BrandController->index()
#5 C:\Apache24\htdocs\inventory_codeigniter\system\CodeIgniter.php(412): CodeIgniter\CodeIgniter->runController(Object(App\Controllers\BrandController))
#6 C:\Apache24\htdocs\inventory_codeigniter\system\CodeIgniter.php(320): CodeIgniter\CodeIgniter->handleRequest(NULL, Object(Config\Cache), false)
#7 C:\Apache24\htdocs\inventory_codeigniter\public\index.php(37): CodeIgniter\CodeIgniter->run()
#8 C:\Apache24\htdocs\inventory_codeigniter\system\Commands\Server\rewrite.php(43): require_once('C:\\Apache24\\htd...')
#9 {main}
CRITICAL - 2022-01-06 23:54:37 --> syntax error, unexpected end of file
#0 C:\Apache24\htdocs\inventory_codeigniter\system\View\View.php(213): CodeIgniter\View\View->CodeIgniter\View\{closure}()
#1 C:\Apache24\htdocs\inventory_codeigniter\system\View\View.php(226): CodeIgniter\View\View->render('layouts/front_e...', Array, true)
#2 C:\Apache24\htdocs\inventory_codeigniter\system\Common.php(1089): CodeIgniter\View\View->render('brand/list_bran...', Array, true)
#3 C:\Apache24\htdocs\inventory_codeigniter\app\Controllers\BrandController.php(12): view('brand/list_bran...', Array)
#4 C:\Apache24\htdocs\inventory_codeigniter\system\CodeIgniter.php(825): App\Controllers\BrandController->index()
#5 C:\Apache24\htdocs\inventory_codeigniter\system\CodeIgniter.php(412): CodeIgniter\CodeIgniter->runController(Object(App\Controllers\BrandController))
#6 C:\Apache24\htdocs\inventory_codeigniter\system\CodeIgniter.php(320): CodeIgniter\CodeIgniter->handleRequest(NULL, Object(Config\Cache), false)
#7 C:\Apache24\htdocs\inventory_codeigniter\public\index.php(37): CodeIgniter\CodeIgniter->run()
#8 C:\Apache24\htdocs\inventory_codeigniter\system\Commands\Server\rewrite.php(43): require_once('C:\\Apache24\\htd...')
#9 {main}
CRITICAL - 2022-01-06 23:59:17 --> syntax error, unexpected end of file
#0 C:\Apache24\htdocs\inventory_codeigniter\system\View\View.php(213): CodeIgniter\View\View->CodeIgniter\View\{closure}()
#1 C:\Apache24\htdocs\inventory_codeigniter\system\View\View.php(226): CodeIgniter\View\View->render('layouts/front_e...', Array, true)
#2 C:\Apache24\htdocs\inventory_codeigniter\system\Common.php(1089): CodeIgniter\View\View->render('brand/list_bran...', Array, true)
#3 C:\Apache24\htdocs\inventory_codeigniter\app\Controllers\BrandController.php(12): view('brand/list_bran...', Array)
#4 C:\Apache24\htdocs\inventory_codeigniter\system\CodeIgniter.php(825): App\Controllers\BrandController->index()
#5 C:\Apache24\htdocs\inventory_codeigniter\system\CodeIgniter.php(412): CodeIgniter\CodeIgniter->runController(Object(App\Controllers\BrandController))
#6 C:\Apache24\htdocs\inventory_codeigniter\system\CodeIgniter.php(320): CodeIgniter\CodeIgniter->handleRequest(NULL, Object(Config\Cache), false)
#7 C:\Apache24\htdocs\inventory_codeigniter\public\index.php(37): CodeIgniter\CodeIgniter->run()
#8 C:\Apache24\htdocs\inventory_codeigniter\system\Commands\Server\rewrite.php(43): require_once('C:\\Apache24\\htd...')
#9 {main}
CRITICAL - 2022-01-06 23:59:19 --> syntax error, unexpected end of file
#0 C:\Apache24\htdocs\inventory_codeigniter\system\View\View.php(213): CodeIgniter\View\View->CodeIgniter\View\{closure}()
#1 C:\Apache24\htdocs\inventory_codeigniter\system\View\View.php(226): CodeIgniter\View\View->render('layouts/front_e...', Array, true)
#2 C:\Apache24\htdocs\inventory_codeigniter\system\Common.php(1089): CodeIgniter\View\View->render('brand/list_bran...', Array, true)
#3 C:\Apache24\htdocs\inventory_codeigniter\app\Controllers\BrandController.php(12): view('brand/list_bran...', Array)
#4 C:\Apache24\htdocs\inventory_codeigniter\system\CodeIgniter.php(825): App\Controllers\BrandController->index()
#5 C:\Apache24\htdocs\inventory_codeigniter\system\CodeIgniter.php(412): CodeIgniter\CodeIgniter->runController(Object(App\Controllers\BrandController))
#6 C:\Apache24\htdocs\inventory_codeigniter\system\CodeIgniter.php(320): CodeIgniter\CodeIgniter->handleRequest(NULL, Object(Config\Cache), false)
#7 C:\Apache24\htdocs\inventory_codeigniter\public\index.php(37): CodeIgniter\CodeIgniter->run()
#8 C:\Apache24\htdocs\inventory_codeigniter\system\Commands\Server\rewrite.php(43): require_once('C:\\Apache24\\htd...')
#9 {main}
